Flow report for fft_t
Mon Jun 02 10:39:46 2014
Quartus II 64-Bit Version 13.0.0 Build 156 04/24/2013 SJ Full Version


---------------------
; Table of Contents ;
---------------------
  1. Legal Notice
  2. Flow Summary
  3. Flow Settings
  4. Flow Non-Default Global Settings
  5. Flow Elapsed Time
  6. Flow OS Summary
  7. Flow Log
  8. Flow Messages
  9. Flow Suppressed Messages



----------------
; Legal Notice ;
----------------
Copyright (C) 1991-2013 Altera Corporation
Your use of Altera Corporation's design tools, logic functions 
and other software and tools, and its AMPP partner logic 
functions, and any output files from any of the foregoing 
(including device programming or simulation files), and any 
associated documentation or information are expressly subject 
to the terms and conditions of the Altera Program License 
Subscription Agreement, Altera MegaCore Function License 
Agreement, or other applicable license agreement, including, 
without limitation, that your use is for the sole purpose of 
programming logic devices manufactured by Altera and sold by 
Altera or its authorized distributors.  Please refer to the 
applicable agreement for further details.



+----------------------------------------------------------------------------------+
; Flow Summary                                                                     ;
+------------------------------------+---------------------------------------------+
; Flow Status                        ; Successful - Mon Jun 02 10:39:46 2014       ;
; Quartus II 64-Bit Version          ; 13.0.0 Build 156 04/24/2013 SJ Full Version ;
; Revision Name                      ; fft_t                                       ;
; Top-level Entity Name              ; fft_t                                       ;
; Family                             ; Cyclone II                                  ;
; Device                             ; EP2C35F672C6                                ;
; Timing Models                      ; Final                                       ;
; Total logic elements               ; 5,210 / 33,216 ( 16 % )                     ;
;     Total combinational functions  ; 3,944 / 33,216 ( 12 % )                     ;
;     Dedicated logic registers      ; 4,452 / 33,216 ( 13 % )                     ;
; Total registers                    ; 4452                                        ;
; Total pins                         ; 25 / 475 ( 5 % )                            ;
; Total virtual pins                 ; 0                                           ;
; Total memory bits                  ; 241,792 / 483,840 ( 50 % )                  ;
; Embedded Multiplier 9-bit elements ; 12 / 70 ( 17 % )                            ;
; Total PLLs                         ; 1 / 4 ( 25 % )                              ;
+------------------------------------+---------------------------------------------+


+-----------------------------------------+
; Flow Settings                           ;
+-------------------+---------------------+
; Option            ; Setting             ;
+-------------------+---------------------+
; Start date & time ; 06/02/2014 10:38:06 ;
; Main task         ; Compilation         ;
; Revision Name     ; fft_t               ;
+-------------------+---------------------+


+---------------------------------------------------------------------------------------------------------------------------------------------------------------------------------------------------------------------------------------------+
; Flow Non-Default Global Settings                                                                                                                                                                                                            ;
+--------------------------------------+-----------------------------------------------------------------------------------------------------------------------------------------------------+---------------+-------------+------------------+
; Assignment Name                      ; Value                                                                                                                                               ; Default Value ; Entity Name ; Section Id       ;
+--------------------------------------+-----------------------------------------------------------------------------------------------------------------------------------------------------+---------------+-------------+------------------+
; COMPILER_SIGNATURE_ID                ; 105996038957415.140167668509196                                                                                                                     ; --            ; --          ; --               ;
; EDA_DESIGN_INSTANCE_NAME             ; fft_core_inst                                                                                                                                       ; --            ; --          ; tb               ;
; EDA_IPFS_FILE                        ; fft_core.vo                                                                                                                                         ; --            ; --          ; eda_simulation   ;
; EDA_NATIVELINK_SIMULATION_TEST_BENCH ; tb                                                                                                                                                  ; --            ; --          ; eda_simulation   ;
; EDA_OUTPUT_DATA_FORMAT               ; Vhdl                                                                                                                                                ; --            ; --          ; eda_simulation   ;
; EDA_SIMULATION_TOOL                  ; ModelSim-Altera (VHDL)                                                                                                                              ; <None>        ; --          ; --               ;
; EDA_TEST_BENCH_ENABLE_STATUS         ; NOT_USED                                                                                                                                            ; --            ; --          ; eda_simulation   ;
; EDA_TEST_BENCH_FILE                  ; fft_core_1n1024cos.hex                                                                                                                              ; --            ; --          ; tb               ;
; EDA_TEST_BENCH_FILE                  ; fft_core_1n1024sin.hex                                                                                                                              ; --            ; --          ; tb               ;
; EDA_TEST_BENCH_FILE                  ; fft_core_2n1024cos.hex                                                                                                                              ; --            ; --          ; tb               ;
; EDA_TEST_BENCH_FILE                  ; fft_core_2n1024sin.hex                                                                                                                              ; --            ; --          ; tb               ;
; EDA_TEST_BENCH_FILE                  ; fft_core_3n1024cos.hex                                                                                                                              ; --            ; --          ; tb               ;
; EDA_TEST_BENCH_FILE                  ; fft_core_3n1024sin.hex                                                                                                                              ; --            ; --          ; tb               ;
; EDA_TEST_BENCH_FILE                  ; fft_core_imag_input.txt                                                                                                                             ; --            ; --          ; tb               ;
; EDA_TEST_BENCH_FILE                  ; fft_core_real_input.txt                                                                                                                             ; --            ; --          ; tb               ;
; EDA_TEST_BENCH_FILE                  ; fft_core_tb.v                                                                                                                                       ; --            ; --          ; tb               ;
; EDA_TEST_BENCH_MODULE_NAME           ; work.fft_core_tb                                                                                                                                    ; --            ; --          ; tb               ;
; EDA_TEST_BENCH_NAME                  ; tb                                                                                                                                                  ; --            ; --          ; eda_simulation   ;
; EDA_TIME_SCALE                       ; 1 ps                                                                                                                                                ; --            ; --          ; eda_simulation   ;
; ENABLE_SIGNALTAP                     ; On                                                                                                                                                  ; --            ; --          ; --               ;
; IP_TOOL_NAME                         ; FFT                                                                                                                                                 ; --            ; --          ; --               ;
; IP_TOOL_NAME                         ; FIFO                                                                                                                                                ; --            ; --          ; --               ;
; IP_TOOL_NAME                         ; FIFO                                                                                                                                                ; --            ; --          ; --               ;
; IP_TOOL_NAME                         ; RAM: 2-PORT                                                                                                                                         ; --            ; --          ; --               ;
; IP_TOOL_VERSION                      ; 11.1                                                                                                                                                ; --            ; --          ; --               ;
; IP_TOOL_VERSION                      ; 13.0                                                                                                                                                ; --            ; --          ; --               ;
; IP_TOOL_VERSION                      ; 11.1                                                                                                                                                ; --            ; --          ; --               ;
; IP_TOOL_VERSION                      ; 13.0                                                                                                                                                ; --            ; --          ; --               ;
; MAX_CORE_JUNCTION_TEMP               ; 85                                                                                                                                                  ; --            ; --          ; --               ;
; MIN_CORE_JUNCTION_TEMP               ; 0                                                                                                                                                   ; --            ; --          ; --               ;
; MISC_FILE                            ; filter_50_1_4/filter_50_1_4.ipx                                                                                                                     ; --            ; --          ; --               ;
; MISC_FILE                            ; fft-library/apn_fftfp_add_fft_111.vhd                                                                                                               ; --            ; --          ; --               ;
; MISC_FILE                            ; fft-library/apn_fftfp_core_fft_111.vhd                                                                                                              ; --            ; --          ; --               ;
; MISC_FILE                            ; fft-library/apn_fftfp_del_fft_111.vhd                                                                                                               ; --            ; --          ; --               ;
; MISC_FILE                            ; fft-library/apn_fftfp_dft4_fft_111.vhd                                                                                                              ; --            ; --          ; --               ;
; MISC_FILE                            ; fft-library/apn_fftfp_fft4_fft_111.vhd                                                                                                              ; --            ; --          ; --               ;
; MISC_FILE                            ; fft-library/apn_fftfp_laststage_fft_111.vhd                                                                                                         ; --            ; --          ; --               ;
; MISC_FILE                            ; fft-library/apn_fftfp_lsft32_fft_111.vhd                                                                                                            ; --            ; --          ; --               ;
; MISC_FILE                            ; fft-library/apn_fftfp_mul_2727_fft_111.vhd                                                                                                          ; --            ; --          ; --               ;
; MISC_FILE                            ; fft-library/apn_fftfp_mul_fft_111.vhd                                                                                                               ; --            ; --          ; --               ;
; MISC_FILE                            ; fft-library/apn_fftfp_ram_fft_111.vhd                                                                                                               ; --            ; --          ; --               ;
; MISC_FILE                            ; fft-library/apn_fftfp_rsft32_fft_111.vhd                                                                                                            ; --            ; --          ; --               ;
; MISC_FILE                            ; fft-library/apn_fftfp_rvsctl_fft_111.vhd                                                                                                            ; --            ; --          ; --               ;
; MISC_FILE                            ; fft-library/apn_fftfp_rvs_fft_111.vhd                                                                                                               ; --            ; --          ; --               ;
; MISC_FILE                            ; fft-library/apn_fftfp_shift_fft_111.vhd                                                                                                             ; --            ; --          ; --               ;
; MISC_FILE                            ; fft-library/apn_fftfp_snorm_fft_111.vhd                                                                                                             ; --            ; --          ; --               ;
; MISC_FILE                            ; fft-library/apn_fftfp_snorm_mul_fft_111.vhd                                                                                                         ; --            ; --          ; --               ;
; MISC_FILE                            ; fft-library/apn_fftfp_stage_fft_111.vhd                                                                                                             ; --            ; --          ; --               ;
; MISC_FILE                            ; fft-library/apn_fftfp_sub_fft_111.vhd                                                                                                               ; --            ; --          ; --               ;
; MISC_FILE                            ; fft-library/apn_fftfp_top_fft_111.vhd                                                                                                               ; --            ; --          ; --               ;
; MISC_FILE                            ; fft-library/apn_fftfp_twiddle_fft_111.vhd                                                                                                           ; --            ; --          ; --               ;
; MISC_FILE                            ; fft-library/apn_fftfp_twiddle_opt_fft_111.vhd                                                                                                       ; --            ; --          ; --               ;
; MISC_FILE                            ; fft-library/apn_fftfp_unorm_fft_111.vhd                                                                                                             ; --            ; --          ; --               ;
; MISC_FILE                            ; fft-library/apn_fft_cmult_cpx2_fft_111.vhd                                                                                                          ; --            ; --          ; --               ;
; MISC_FILE                            ; fft-library/apn_fft_cmult_cpx_fft_111.vhd                                                                                                           ; --            ; --          ; --               ;
; MISC_FILE                            ; fft-library/apn_fft_mult_can_fft_111.vhd                                                                                                            ; --            ; --          ; --               ;
; MISC_FILE                            ; fft-library/apn_fft_mult_cpx_1825_fft_111.v                                                                                                         ; --            ; --          ; --               ;
; MISC_FILE                            ; fft-library/apn_fft_mult_cpx_fft_111.vhd                                                                                                            ; --            ; --          ; --               ;
; MISC_FILE                            ; fft-library/apn_hcc_cntsgn32_fft_111.vhd                                                                                                            ; --            ; --          ; --               ;
; MISC_FILE                            ; fft-library/apn_hcc_cntusgn32_fft_111.vhd                                                                                                           ; --            ; --          ; --               ;
; MISC_FILE                            ; fft-library/apn_hcc_sgnpstn_fft_111.vhd                                                                                                             ; --            ; --          ; --               ;
; MISC_FILE                            ; fft-library/apn_hcc_usgnpos_fft_111.vhd                                                                                                             ; --            ; --          ; --               ;
; MISC_FILE                            ; fft-library/asj_fft_1dp_ram_fft_111.vhd                                                                                                             ; --            ; --          ; --               ;
; MISC_FILE                            ; fft-library/asj_fft_1tdp_rom_fft_111.vhd                                                                                                            ; --            ; --          ; --               ;
; MISC_FILE                            ; fft-library/asj_fft_3dp_rom_fft_111.vhd                                                                                                             ; --            ; --          ; --               ;
; MISC_FILE                            ; fft-library/asj_fft_3pi_mram_fft_111.vhd                                                                                                            ; --            ; --          ; --               ;
; MISC_FILE                            ; fft-library/asj_fft_3tdp_rom_fft_111.vhd                                                                                                            ; --            ; --          ; --               ;
; MISC_FILE                            ; fft-library/asj_fft_4dp_ram_fft_111.vhd                                                                                                             ; --            ; --          ; --               ;
; MISC_FILE                            ; fft-library/asj_fft_6tdp_rom_fft_111.vhd                                                                                                            ; --            ; --          ; --               ;
; MISC_FILE                            ; fft-library/asj_fft_alt_shift_tdl_fft_111.vhd                                                                                                       ; --            ; --          ; --               ;
; MISC_FILE                            ; fft-library/asj_fft_bfp_ctrl_fft_111.vhd                                                                                                            ; --            ; --          ; --               ;
; MISC_FILE                            ; fft-library/asj_fft_bfp_i_1pt_fft_111.vhd                                                                                                           ; --            ; --          ; --               ;
; MISC_FILE                            ; fft-library/asj_fft_bfp_i_fft_111.vhd                                                                                                               ; --            ; --          ; --               ;
; MISC_FILE                            ; fft-library/asj_fft_bfp_o_1pt_fft_111.vhd                                                                                                           ; --            ; --          ; --               ;
; MISC_FILE                            ; fft-library/asj_fft_bfp_o_fft_111.vhd                                                                                                               ; --            ; --          ; --               ;
; MISC_FILE                            ; fft-library/asj_fft_burst_ctrl_de_fft_111.vhd                                                                                                       ; --            ; --          ; --               ;
; MISC_FILE                            ; fft-library/asj_fft_burst_ctrl_fft_111.vhd                                                                                                          ; --            ; --          ; --               ;
; MISC_FILE                            ; fft-library/asj_fft_burst_ctrl_qe_fft_111.vhd                                                                                                       ; --            ; --          ; --               ;
; MISC_FILE                            ; fft-library/asj_fft_cmult_can_fft_111.vhd                                                                                                           ; --            ; --          ; --               ;
; MISC_FILE                            ; fft-library/asj_fft_cmult_std_fft_111.vhd                                                                                                           ; --            ; --          ; --               ;
; MISC_FILE                            ; fft-library/asj_fft_cnt_ctrl_de_fft_111.vhd                                                                                                         ; --            ; --          ; --               ;
; MISC_FILE                            ; fft-library/asj_fft_cnt_ctrl_fft_111.vhd                                                                                                            ; --            ; --          ; --               ;
; MISC_FILE                            ; fft-library/asj_fft_cxb_addr_fft_111.vhd                                                                                                            ; --            ; --          ; --               ;
; MISC_FILE                            ; fft-library/asj_fft_cxb_data_fft_111.vhd                                                                                                            ; --            ; --          ; --               ;
; MISC_FILE                            ; fft-library/asj_fft_cxb_data_mram_fft_111.vhd                                                                                                       ; --            ; --          ; --               ;
; MISC_FILE                            ; fft-library/asj_fft_cxb_data_r_fft_111.vhd                                                                                                          ; --            ; --          ; --               ;
; MISC_FILE                            ; fft-library/asj_fft_dataadgen_fft_111.vhd                                                                                                           ; --            ; --          ; --               ;
; MISC_FILE                            ; fft-library/asj_fft_data_ram_dp_fft_111.vhd                                                                                                         ; --            ; --          ; --               ;
; MISC_FILE                            ; fft-library/asj_fft_data_ram_fft_111.vhd                                                                                                            ; --            ; --          ; --               ;
; MISC_FILE                            ; fft-library/asj_fft_dft_bfp_fft_111.vhd                                                                                                             ; --            ; --          ; --               ;
; MISC_FILE                            ; fft-library/asj_fft_dft_bfp_sgl_fft_111.vhd                                                                                                         ; --            ; --          ; --               ;
; MISC_FILE                            ; fft-library/asj_fft_dpi_mram_fft_111.vhd                                                                                                            ; --            ; --          ; --               ;
; MISC_FILE                            ; fft-library/asj_fft_dp_mram_fft_111.vhd                                                                                                             ; --            ; --          ; --               ;
; MISC_FILE                            ; fft-library/asj_fft_dualstream_fft_111.vhd                                                                                                          ; --            ; --          ; --               ;
; MISC_FILE                            ; fft-library/asj_fft_in_write_sgl_fft_111.vhd                                                                                                        ; --            ; --          ; --               ;
; MISC_FILE                            ; fft-library/asj_fft_lcm_mult_2m_fft_111.vhd                                                                                                         ; --            ; --          ; --               ;
; MISC_FILE                            ; fft-library/asj_fft_lcm_mult_fft_111.vhd                                                                                                            ; --            ; --          ; --               ;
; MISC_FILE                            ; fft-library/asj_fft_lpprdadgen_fft_111.vhd                                                                                                          ; --            ; --          ; --               ;
; MISC_FILE                            ; fft-library/asj_fft_lpprdadr2gen_fft_111.vhd                                                                                                        ; --            ; --          ; --               ;
; MISC_FILE                            ; fft-library/asj_fft_lpp_fft_111.vhd                                                                                                                 ; --            ; --          ; --               ;
; MISC_FILE                            ; fft-library/asj_fft_lpp_serial_fft_111.vhd                                                                                                          ; --            ; --          ; --               ;
; MISC_FILE                            ; fft-library/asj_fft_lpp_serial_r2_fft_111.vhd                                                                                                       ; --            ; --          ; --               ;
; MISC_FILE                            ; fft-library/asj_fft_mult_add_fft_111.vhd                                                                                                            ; --            ; --          ; --               ;
; MISC_FILE                            ; fft-library/asj_fft_m_k_counter_fft_111.vhd                                                                                                         ; --            ; --          ; --               ;
; MISC_FILE                            ; fft-library/asj_fft_pround_fft_111.vhd                                                                                                              ; --            ; --          ; --               ;
; MISC_FILE                            ; fft-library/asj_fft_sglstream_fft_111.vhd                                                                                                           ; --            ; --          ; --               ;
; MISC_FILE                            ; fft-library/asj_fft_si_de_so_bb_fft_111.vhd                                                                                                         ; --            ; --          ; --               ;
; MISC_FILE                            ; fft-library/asj_fft_si_de_so_b_fft_111.vhd                                                                                                          ; --            ; --          ; --               ;
; MISC_FILE                            ; fft-library/asj_fft_si_qe_so_bb_fft_111.vhd                                                                                                         ; --            ; --          ; --               ;
; MISC_FILE                            ; fft-library/asj_fft_si_qe_so_b_fft_111.vhd                                                                                                          ; --            ; --          ; --               ;
; MISC_FILE                            ; fft-library/asj_fft_si_se_so_bb_fft_111.vhd                                                                                                         ; --            ; --          ; --               ;
; MISC_FILE                            ; fft-library/asj_fft_si_se_so_b_fft_111.vhd                                                                                                          ; --            ; --          ; --               ;
; MISC_FILE                            ; fft-library/asj_fft_si_sose_so_b_fft_111.vhd                                                                                                        ; --            ; --          ; --               ;
; MISC_FILE                            ; fft-library/asj_fft_tdl_bit_fft_111.vhd                                                                                                             ; --            ; --          ; --               ;
; MISC_FILE                            ; fft-library/asj_fft_tdl_bit_rst_fft_111.vhd                                                                                                         ; --            ; --          ; --               ;
; MISC_FILE                            ; fft-library/asj_fft_tdl_fft_111.vhd                                                                                                                 ; --            ; --          ; --               ;
; MISC_FILE                            ; fft-library/asj_fft_tdl_rst_fft_111.vhd                                                                                                             ; --            ; --          ; --               ;
; MISC_FILE                            ; fft-library/asj_fft_twadgen_dual_fft_111.vhd                                                                                                        ; --            ; --          ; --               ;
; MISC_FILE                            ; fft-library/asj_fft_twadgen_fft_111.vhd                                                                                                             ; --            ; --          ; --               ;
; MISC_FILE                            ; fft-library/asj_fft_twadsogen_fft_111.vhd                                                                                                           ; --            ; --          ; --               ;
; MISC_FILE                            ; fft-library/asj_fft_twadsogen_q_fft_111.vhd                                                                                                         ; --            ; --          ; --               ;
; MISC_FILE                            ; fft-library/asj_fft_twiddle_ctrl_qe_fft_111.vhd                                                                                                     ; --            ; --          ; --               ;
; MISC_FILE                            ; fft-library/asj_fft_twid_rom_tdp_fft_111.vhd                                                                                                        ; --            ; --          ; --               ;
; MISC_FILE                            ; fft-library/asj_fft_unbburst_ctrl_de_fft_111.vhd                                                                                                    ; --            ; --          ; --               ;
; MISC_FILE                            ; fft-library/asj_fft_unbburst_ctrl_fft_111.vhd                                                                                                       ; --            ; --          ; --               ;
; MISC_FILE                            ; fft-library/asj_fft_unbburst_ctrl_qe_fft_111.vhd                                                                                                    ; --            ; --          ; --               ;
; MISC_FILE                            ; fft-library/asj_fft_unbburst_sose_ctrl_fft_111.vhd                                                                                                  ; --            ; --          ; --               ;
; MISC_FILE                            ; fft-library/asj_fft_wrengen_fft_111.vhd                                                                                                             ; --            ; --          ; --               ;
; MISC_FILE                            ; fft-library/asj_fft_wrswgen_fft_111.vhd                                                                                                             ; --            ; --          ; --               ;
; MISC_FILE                            ; fft-library/auk_dspip_avalon_streaming_block_sink_fft_111.vhd                                                                                       ; --            ; --          ; --               ;
; MISC_FILE                            ; fft-library/auk_dspip_avalon_streaming_block_source_fft_111.vhd                                                                                     ; --            ; --          ; --               ;
; MISC_FILE                            ; fft-library/auk_dspip_avalon_streaming_controller_fft_111.vhd                                                                                       ; --            ; --          ; --               ;
; MISC_FILE                            ; fft-library/auk_dspip_avalon_streaming_controller_pe_fft_111.vhd                                                                                    ; --            ; --          ; --               ;
; MISC_FILE                            ; fft-library/auk_dspip_avalon_streaming_monitor_fft_111.vhd                                                                                          ; --            ; --          ; --               ;
; MISC_FILE                            ; fft-library/auk_dspip_avalon_streaming_sink_fft_111.vhd                                                                                             ; --            ; --          ; --               ;
; MISC_FILE                            ; fft-library/auk_dspip_avalon_streaming_sink_model_fft_111.vhd                                                                                       ; --            ; --          ; --               ;
; MISC_FILE                            ; fft-library/auk_dspip_avalon_streaming_source_fft_111.vhd                                                                                           ; --            ; --          ; --               ;
; MISC_FILE                            ; fft-library/auk_dspip_avalon_streaming_source_from_monitor_fft_111.vhd                                                                              ; --            ; --          ; --               ;
; MISC_FILE                            ; fft-library/auk_dspip_avalon_streaming_source_model_fft_111.vhd                                                                                     ; --            ; --          ; --               ;
; MISC_FILE                            ; fft-library/auk_dspip_bit_reverse_addr_control_fft_111.vhd                                                                                          ; --            ; --          ; --               ;
; MISC_FILE                            ; fft-library/auk_dspip_bit_reverse_core_fft_111.vhd                                                                                                  ; --            ; --          ; --               ;
; MISC_FILE                            ; fft-library/auk_dspip_bit_reverse_reverse_carry_adder_fft_111.vhd                                                                                   ; --            ; --          ; --               ;
; MISC_FILE                            ; fft-library/auk_dspip_fpcompiler_alufp_fft_111.vhd                                                                                                  ; --            ; --          ; --               ;
; MISC_FILE                            ; fft-library/auk_dspip_fpcompiler_aslf_fft_111.vhd                                                                                                   ; --            ; --          ; --               ;
; MISC_FILE                            ; fft-library/auk_dspip_fpcompiler_asrf_fft_111.vhd                                                                                                   ; --            ; --          ; --               ;
; MISC_FILE                            ; fft-library/auk_dspip_fpcompiler_castftox_fft_111.vhd                                                                                               ; --            ; --          ; --               ;
; MISC_FILE                            ; fft-library/auk_dspip_fpcompiler_castxtof_fft_111.vhd                                                                                               ; --            ; --          ; --               ;
; MISC_FILE                            ; fft-library/auk_dspip_fpcompiler_clzf_fft_111.vhd                                                                                                   ; --            ; --          ; --               ;
; MISC_FILE                            ; fft-library/auk_dspip_fpcompiler_mulfp_fft_111.vhd                                                                                                  ; --            ; --          ; --               ;
; MISC_FILE                            ; fft-library/auk_dspip_lib_pkg_fft_111.vhd                                                                                                           ; --            ; --          ; --               ;
; MISC_FILE                            ; fft-library/auk_dspip_math_pkg_fft_111.vhd                                                                                                          ; --            ; --          ; --               ;
; MISC_FILE                            ; fft-library/auk_dspip_r22sdf_adder_fp_fft_111.vhd                                                                                                   ; --            ; --          ; --               ;
; MISC_FILE                            ; fft-library/auk_dspip_r22sdf_addsub_fft_111.vhd                                                                                                     ; --            ; --          ; --               ;
; MISC_FILE                            ; fft-library/auk_dspip_r22sdf_bfii_fft_111.vhd                                                                                                       ; --            ; --          ; --               ;
; MISC_FILE                            ; fft-library/auk_dspip_r22sdf_bfi_fft_111.vhd                                                                                                        ; --            ; --          ; --               ;
; MISC_FILE                            ; fft-library/auk_dspip_r22sdf_bf_control_fft_111.vhd                                                                                                 ; --            ; --          ; --               ;
; MISC_FILE                            ; fft-library/auk_dspip_r22sdf_cma_adder_fp_fft_111.vhd                                                                                               ; --            ; --          ; --               ;
; MISC_FILE                            ; fft-library/auk_dspip_r22sdf_cma_bfi_fp_fft_111.vhd                                                                                                 ; --            ; --          ; --               ;
; MISC_FILE                            ; fft-library/auk_dspip_r22sdf_cma_fft_111.vhd                                                                                                        ; --            ; --          ; --               ;
; MISC_FILE                            ; fft-library/auk_dspip_r22sdf_core_fft_111.vhd                                                                                                       ; --            ; --          ; --               ;
; MISC_FILE                            ; fft-library/auk_dspip_r22sdf_counter_fft_111.vhd                                                                                                    ; --            ; --          ; --               ;
; MISC_FILE                            ; fft-library/auk_dspip_r22sdf_delay_fft_111.vhd                                                                                                      ; --            ; --          ; --               ;
; MISC_FILE                            ; fft-library/auk_dspip_r22sdf_enable_control_fft_111.vhd                                                                                             ; --            ; --          ; --               ;
; MISC_FILE                            ; fft-library/auk_dspip_r22sdf_lib_pkg_fft_111.vhd                                                                                                    ; --            ; --          ; --               ;
; MISC_FILE                            ; fft-library/auk_dspip_r22sdf_stage_fft_111.vhd                                                                                                      ; --            ; --          ; --               ;
; MISC_FILE                            ; fft-library/auk_dspip_r22sdf_stg_out_pipe_fft_111.vhd                                                                                               ; --            ; --          ; --               ;
; MISC_FILE                            ; fft-library/auk_dspip_r22sdf_stg_pipe_fft_111.vhd                                                                                                   ; --            ; --          ; --               ;
; MISC_FILE                            ; fft-library/auk_dspip_r22sdf_top_fft_111.vhd                                                                                                        ; --            ; --          ; --               ;
; MISC_FILE                            ; fft-library/auk_dspip_r22sdf_twrom_fft_111.vhd                                                                                                      ; --            ; --          ; --               ;
; MISC_FILE                            ; fft-library/auk_dspip_roundsat_fft_111.vhd                                                                                                          ; --            ; --          ; --               ;
; MISC_FILE                            ; fft-library/auk_dspip_text_pkg_fft_111.vhd                                                                                                          ; --            ; --          ; --               ;
; MISC_FILE                            ; fft-library/fft_pack_fft_111.vhd                                                                                                                    ; --            ; --          ; --               ;
; MISC_FILE                            ; fft-library/twid_rom_fft_111.vhd                                                                                                                    ; --            ; --          ; --               ;
; MISC_FILE                            ; fft_core.vo                                                                                                                                         ; --            ; --          ; --               ;
; MISC_FILE                            ; fft_core_tb.v                                                                                                                                       ; --            ; --          ; --               ;
; MISC_FILE                            ; fft_core_model.m                                                                                                                                    ; --            ; --          ; --               ;
; MISC_FILE                            ; fft_core_tb.m                                                                                                                                       ; --            ; --          ; --               ;
; MISC_FILE                            ; fft_core_nativelink.tcl                                                                                                                             ; --            ; --          ; --               ;
; MISC_FILE                            ; fft_core_real_input.txt                                                                                                                             ; --            ; --          ; --               ;
; MISC_FILE                            ; fft_core_imag_input.txt                                                                                                                             ; --            ; --          ; --               ;
; MISC_FILE                            ; fft_core_1n1024sin.hex                                                                                                                              ; --            ; --          ; --               ;
; MISC_FILE                            ; fft_core_2n1024sin.hex                                                                                                                              ; --            ; --          ; --               ;
; MISC_FILE                            ; fft_core_3n1024sin.hex                                                                                                                              ; --            ; --          ; --               ;
; MISC_FILE                            ; fft_core_1n1024cos.hex                                                                                                                              ; --            ; --          ; --               ;
; MISC_FILE                            ; fft_core_2n1024cos.hex                                                                                                                              ; --            ; --          ; --               ;
; MISC_FILE                            ; fft_core_3n1024cos.hex                                                                                                                              ; --            ; --          ; --               ;
; MISC_FILE                            ; fft_core.v                                                                                                                                          ; --            ; --          ; --               ;
; MISC_FILE                            ; fft_core_bb.v                                                                                                                                       ; --            ; --          ; --               ;
; MISC_FILE                            ; fft_core.bsf                                                                                                                                        ; --            ; --          ; --               ;
; MISC_FILE                            ; fft_core.qip                                                                                                                                        ; --            ; --          ; --               ;
; MISC_FILE                            ; fft_core.html                                                                                                                                       ; --            ; --          ; --               ;
; MISC_FILE                            ; FIFO.bsf                                                                                                                                            ; --            ; --          ; --               ;
; MISC_FILE                            ; FIFO_inst.v                                                                                                                                         ; --            ; --          ; --               ;
; MISC_FILE                            ; fifo0.bsf                                                                                                                                           ; --            ; --          ; --               ;
; MISC_FILE                            ; fifo0_bb.v                                                                                                                                          ; --            ; --          ; --               ;
; MISC_FILE                            ; FFT_DATA_RAM.bsf                                                                                                                                    ; --            ; --          ; --               ;
; MISC_FILE                            ; FFT_DATA_RAM_inst.v                                                                                                                                 ; --            ; --          ; --               ;
; PARTITION_COLOR                      ; 16764057                                                                                                                                            ; --            ; --          ; Top              ;
; PARTITION_FITTER_PRESERVATION_LEVEL  ; PLACEMENT_AND_ROUTING                                                                                                                               ; --            ; --          ; Top              ;
; PARTITION_NETLIST_TYPE               ; SOURCE                                                                                                                                              ; --            ; --          ; Top              ;
; SEARCH_PATH                          ; .                                                                                                                                                   ; --            ; --          ; --               ;
; SEARCH_PATH                          ; fft-library                                                                                                                                         ; --            ; --          ; --               ;
; SLD_FILE                             ; C:/Users/TingQiang/Desktop/Gradual_D/FFT_IFFT_Protype_2__Expand_4__ABS_13/stp1_auto_stripped.stp                                                    ; --            ; --          ; --               ;
; SLD_NODE_CREATOR_ID                  ; 110                                                                                                                                                 ; --            ; --          ; auto_signaltap_0 ;
; SLD_NODE_ENTITY_NAME                 ; sld_signaltap                                                                                                                                       ; --            ; --          ; auto_signaltap_0 ;
; SLD_NODE_PARAMETER_ASSIGNMENT        ; SLD_NODE_INFO=805334528                                                                                                                             ; --            ; --          ; auto_signaltap_0 ;
; SLD_NODE_PARAMETER_ASSIGNMENT        ; SLD_POWER_UP_TRIGGER=0                                                                                                                              ; --            ; --          ; auto_signaltap_0 ;
; SLD_NODE_PARAMETER_ASSIGNMENT        ; SLD_STORAGE_QUALIFIER_INVERSION_MASK_LENGTH=0                                                                                                       ; --            ; --          ; auto_signaltap_0 ;
; SLD_NODE_PARAMETER_ASSIGNMENT        ; SLD_ATTRIBUTE_MEM_MODE=OFF                                                                                                                          ; --            ; --          ; auto_signaltap_0 ;
; SLD_NODE_PARAMETER_ASSIGNMENT        ; SLD_STATE_FLOW_USE_GENERATED=0                                                                                                                      ; --            ; --          ; auto_signaltap_0 ;
; SLD_NODE_PARAMETER_ASSIGNMENT        ; SLD_STATE_BITS=11                                                                                                                                   ; --            ; --          ; auto_signaltap_0 ;
; SLD_NODE_PARAMETER_ASSIGNMENT        ; SLD_BUFFER_FULL_STOP=1                                                                                                                              ; --            ; --          ; auto_signaltap_0 ;
; SLD_NODE_PARAMETER_ASSIGNMENT        ; SLD_CURRENT_RESOURCE_WIDTH=1                                                                                                                        ; --            ; --          ; auto_signaltap_0 ;
; SLD_NODE_PARAMETER_ASSIGNMENT        ; SLD_TRIGGER_LEVEL=1                                                                                                                                 ; --            ; --          ; auto_signaltap_0 ;
; SLD_NODE_PARAMETER_ASSIGNMENT        ; SLD_TRIGGER_IN_ENABLED=0                                                                                                                            ; --            ; --          ; auto_signaltap_0 ;
; SLD_NODE_PARAMETER_ASSIGNMENT        ; SLD_ADVANCED_TRIGGER_ENTITY=basic,1,                                                                                                                ; --            ; --          ; auto_signaltap_0 ;
; SLD_NODE_PARAMETER_ASSIGNMENT        ; SLD_TRIGGER_LEVEL_PIPELINE=1                                                                                                                        ; --            ; --          ; auto_signaltap_0 ;
; SLD_NODE_PARAMETER_ASSIGNMENT        ; SLD_ENABLE_ADVANCED_TRIGGER=0                                                                                                                       ; --            ; --          ; auto_signaltap_0 ;
; SLD_NODE_PARAMETER_ASSIGNMENT        ; SLD_SEGMENT_SIZE=4096                                                                                                                               ; --            ; --          ; auto_signaltap_0 ;
; SLD_NODE_PARAMETER_ASSIGNMENT        ; SLD_SAMPLE_DEPTH=4096                                                                                                                               ; --            ; --          ; auto_signaltap_0 ;
; SLD_NODE_PARAMETER_ASSIGNMENT        ; SLD_DATA_BITS=34                                                                                                                                    ; --            ; --          ; auto_signaltap_0 ;
; SLD_NODE_PARAMETER_ASSIGNMENT        ; SLD_TRIGGER_BITS=34                                                                                                                                 ; --            ; --          ; auto_signaltap_0 ;
; SLD_NODE_PARAMETER_ASSIGNMENT        ; SLD_INVERSION_MASK=00000000000000000000000000000000000000000000000000000000000000000000000000000000000000000000000000000000000000000000000000000000 ; --            ; --          ; auto_signaltap_0 ;
; SLD_NODE_PARAMETER_ASSIGNMENT        ; SLD_INVERSION_MASK_LENGTH=128                                                                                                                       ; --            ; --          ; auto_signaltap_0 ;
; SLD_NODE_PARAMETER_ASSIGNMENT        ; SLD_NODE_CRC_LOWORD=23057                                                                                                                           ; --            ; --          ; auto_signaltap_0 ;
; SLD_NODE_PARAMETER_ASSIGNMENT        ; SLD_NODE_CRC_HIWORD=36301                                                                                                                           ; --            ; --          ; auto_signaltap_0 ;
; USE_SIGNALTAP_FILE                   ; stp1.stp                                                                                                                                            ; --            ; --          ; --               ;
+--------------------------------------+-----------------------------------------------------------------------------------------------------------------------------------------------------+---------------+-------------+------------------+


+-------------------------------------------------------------------------------------------------------------------------------+
; Flow Elapsed Time                                                                                                             ;
+---------------------------+--------------+-------------------------+---------------------+------------------------------------+
; Module Name               ; Elapsed Time ; Average Processors Used ; Peak Virtual Memory ; Total CPU Time (on all processors) ;
+---------------------------+--------------+-------------------------+---------------------+------------------------------------+
; Analysis & Synthesis      ; 00:00:35     ; 1.0                     ; 652 MB              ; 00:00:35                           ;
; Fitter                    ; 00:00:35     ; 1.2                     ; 908 MB              ; 00:00:41                           ;
; Assembler                 ; 00:00:04     ; 1.0                     ; 464 MB              ; 00:00:04                           ;
; TimeQuest Timing Analyzer ; 00:00:03     ; 1.0                     ; 505 MB              ; 00:00:03                           ;
; EDA Netlist Writer        ; 00:00:08     ; 1.0                     ; 481 MB              ; 00:00:07                           ;
; Total                     ; 00:01:25     ; --                      ; --                  ; 00:01:30                           ;
+---------------------------+--------------+-------------------------+---------------------+------------------------------------+


+----------------------------------------------------------------------------------------+
; Flow OS Summary                                                                        ;
+---------------------------+------------------+-----------+------------+----------------+
; Module Name               ; Machine Hostname ; OS Name   ; OS Version ; Processor type ;
+---------------------------+------------------+-----------+------------+----------------+
; Analysis & Synthesis      ; CTQ_PC           ; Windows 7 ; 6.2        ; x86_64         ;
; Fitter                    ; CTQ_PC           ; Windows 7 ; 6.2        ; x86_64         ;
; Assembler                 ; CTQ_PC           ; Windows 7 ; 6.2        ; x86_64         ;
; TimeQuest Timing Analyzer ; CTQ_PC           ; Windows 7 ; 6.2        ; x86_64         ;
; EDA Netlist Writer        ; CTQ_PC           ; Windows 7 ; 6.2        ; x86_64         ;
+---------------------------+------------------+-----------+------------+----------------+


------------
; Flow Log ;
------------
quartus_map --read_settings_files=on --write_settings_files=off fft_t -c fft_t
quartus_fit --read_settings_files=off --write_settings_files=off fft_t -c fft_t
quartus_asm --read_settings_files=off --write_settings_files=off fft_t -c fft_t
quartus_sta fft_t -c fft_t
quartus_eda --read_settings_files=off --write_settings_files=off fft_t -c fft_t



