TimeQuest Timing Analyzer report for fft_t
Mon Jun 02 10:39:37 2014
Quartus II 64-Bit Version 13.0.0 Build 156 04/24/2013 SJ Full Version


---------------------
; Table of Contents ;
---------------------
  1. Legal Notice
  2. TimeQuest Timing Analyzer Summary
  3. Parallel Compilation
  4. Clocks
  5. Slow Model Fmax Summary
  6. Slow Model Setup Summary
  7. Slow Model Hold Summary
  8. Slow Model Recovery Summary
  9. Slow Model Removal Summary
 10. Slow Model Minimum Pulse Width Summary
 11. Slow Model Minimum Pulse Width: 'altera_reserved_tck'
 12. Slow Model Datasheet Report
 13. Fast Model Setup Summary
 14. Fast Model Hold Summary
 15. Fast Model Recovery Summary
 16. Fast Model Removal Summary
 17. Fast Model Minimum Pulse Width Summary
 18. Fast Model Minimum Pulse Width: 'altera_reserved_tck'
 19. Fast Model Datasheet Report
 20. Multicorner Timing Analysis Summary
 21. Clock Transfers
 22. Report TCCS
 23. Report RSKM
 24. Unconstrained Paths
 25. TimeQuest Timing Analyzer Messages



----------------
; Legal Notice ;
----------------
Copyright (C) 1991-2013 Altera Corporation
Your use of Altera Corporation's design tools, logic functions 
and other software and tools, and its AMPP partner logic 
functions, and any output files from any of the foregoing 
(including device programming or simulation files), and any 
associated documentation or information are expressly subject 
to the terms and conditions of the Altera Program License 
Subscription Agreement, Altera MegaCore Function License 
Agreement, or other applicable license agreement, including, 
without limitation, that your use is for the sole purpose of 
programming logic devices manufactured by Altera and sold by 
Altera or its authorized distributors.  Please refer to the 
applicable agreement for further details.



+--------------------------------------------------------------------------+
; TimeQuest Timing Analyzer Summary                                        ;
+--------------------+-----------------------------------------------------+
; Quartus II Version ; Version 13.0.0 Build 156 04/24/2013 SJ Full Version ;
; Revision Name      ; fft_t                                               ;
; Device Family      ; Cyclone II                                          ;
; Device Name        ; EP2C35F672C6                                        ;
; Timing Models      ; Final                                               ;
; Delay Model        ; Combined                                            ;
; Rise/Fall Delays   ; Unavailable                                         ;
+--------------------+-----------------------------------------------------+


+------------------------------------------+
; Parallel Compilation                     ;
+----------------------------+-------------+
; Processors                 ; Number      ;
+----------------------------+-------------+
; Number detected on machine ; 4           ;
; Maximum allowed            ; 2           ;
;                            ;             ;
; Average used               ; 1.00        ;
; Maximum used               ; 1           ;
;                            ;             ;
; Usage by Processor         ; % Time Used ;
;     Processor 1            ; 100.0%      ;
;     Processors 2-4         ;   0.0%      ;
+----------------------------+-------------+


+-----------------------------------------------------------------------------------------------------------------------------------------------------------------------------------------------------------+
; Clocks                                                                                                                                                                                                    ;
+---------------------+------+---------+-----------+-------+--------+------------+-----------+-------------+-------+--------+-----------+------------+----------+--------+--------+-------------------------+
; Clock Name          ; Type ; Period  ; Frequency ; Rise  ; Fall   ; Duty Cycle ; Divide by ; Multiply by ; Phase ; Offset ; Edge List ; Edge Shift ; Inverted ; Master ; Source ; Targets                 ;
+---------------------+------+---------+-----------+-------+--------+------------+-----------+-------------+-------+--------+-----------+------------+----------+--------+--------+-------------------------+
; altera_reserved_tck ; Base ; 100.000 ; 10.0 MHz  ; 0.000 ; 50.000 ;            ;           ;             ;       ;        ;           ;            ;          ;        ;        ; { altera_reserved_tck } ;
+---------------------+------+---------+-----------+-------+--------+------------+-----------+-------------+-------+--------+-----------+------------+----------+--------+--------+-------------------------+


---------------------------
; Slow Model Fmax Summary ;
---------------------------
No paths to report.


----------------------------
; Slow Model Setup Summary ;
----------------------------
No paths to report.


---------------------------
; Slow Model Hold Summary ;
---------------------------
No paths to report.


-------------------------------
; Slow Model Recovery Summary ;
-------------------------------
No paths to report.


------------------------------
; Slow Model Removal Summary ;
------------------------------
No paths to report.


+----------------------------------------------+
; Slow Model Minimum Pulse Width Summary       ;
+---------------------+--------+---------------+
; Clock               ; Slack  ; End Point TNS ;
+---------------------+--------+---------------+
; altera_reserved_tck ; 97.778 ; 0.000         ;
+---------------------+--------+---------------+


+-------------------------------------------------------------------------------------------------------------+
; Slow Model Minimum Pulse Width: 'altera_reserved_tck'                                                       ;
+--------+--------------+----------------+-----------+---------------------+------------+---------------------+
; Slack  ; Actual Width ; Required Width ; Type      ; Clock               ; Clock Edge ; Target              ;
+--------+--------------+----------------+-----------+---------------------+------------+---------------------+
; 97.778 ; 100.000      ; 2.222          ; Port Rate ; altera_reserved_tck ; Rise       ; altera_reserved_tck ;
+--------+--------------+----------------+-----------+---------------------+------------+---------------------+


-------------------------------
; Slow Model Datasheet Report ;
-------------------------------
Nothing to report.


----------------------------
; Fast Model Setup Summary ;
----------------------------
No paths to report.


---------------------------
; Fast Model Hold Summary ;
---------------------------
No paths to report.


-------------------------------
; Fast Model Recovery Summary ;
-------------------------------
No paths to report.


------------------------------
; Fast Model Removal Summary ;
------------------------------
No paths to report.


+----------------------------------------------+
; Fast Model Minimum Pulse Width Summary       ;
+---------------------+--------+---------------+
; Clock               ; Slack  ; End Point TNS ;
+---------------------+--------+---------------+
; altera_reserved_tck ; 97.778 ; 0.000         ;
+---------------------+--------+---------------+


+-------------------------------------------------------------------------------------------------------------+
; Fast Model Minimum Pulse Width: 'altera_reserved_tck'                                                       ;
+--------+--------------+----------------+-----------+---------------------+------------+---------------------+
; Slack  ; Actual Width ; Required Width ; Type      ; Clock               ; Clock Edge ; Target              ;
+--------+--------------+----------------+-----------+---------------------+------------+---------------------+
; 97.778 ; 100.000      ; 2.222          ; Port Rate ; altera_reserved_tck ; Rise       ; altera_reserved_tck ;
+--------+--------------+----------------+-----------+---------------------+------------+---------------------+


-------------------------------
; Fast Model Datasheet Report ;
-------------------------------
Nothing to report.


+--------------------------------------------------------------------------------+
; Multicorner Timing Analysis Summary                                            ;
+----------------------+-------+------+----------+---------+---------------------+
; Clock                ; Setup ; Hold ; Recovery ; Removal ; Minimum Pulse Width ;
+----------------------+-------+------+----------+---------+---------------------+
; Worst-case Slack     ; N/A   ; N/A  ; N/A      ; N/A     ; 97.778              ;
;  altera_reserved_tck ; N/A   ; N/A  ; N/A      ; N/A     ; 97.778              ;
; Design-wide TNS      ; 0.0   ; 0.0  ; 0.0      ; 0.0     ; 0.0                 ;
;  altera_reserved_tck ; N/A   ; N/A  ; N/A      ; N/A     ; 0.000               ;
+----------------------+-------+------+----------+---------+---------------------+


-------------------
; Clock Transfers ;
-------------------
Nothing to report.


---------------
; Report TCCS ;
---------------
No dedicated SERDES Transmitter circuitry present in device or used in design


---------------
; Report RSKM ;
---------------
No dedicated SERDES Receiver circuitry present in device or used in design


+------------------------------------------------+
; Unconstrained Paths                            ;
+---------------------------------+-------+------+
; Property                        ; Setup ; Hold ;
+---------------------------------+-------+------+
; Illegal Clocks                  ; 0     ; 0    ;
; Unconstrained Clocks            ; 21    ; 21   ;
; Unconstrained Input Ports       ; 5     ; 5    ;
; Unconstrained Input Port Paths  ; 1233  ; 1233 ;
; Unconstrained Output Ports      ; 19    ; 19   ;
; Unconstrained Output Port Paths ; 19    ; 19   ;
+---------------------------------+-------+------+


+------------------------------------+
; TimeQuest Timing Analyzer Messages ;
+------------------------------------+
Info: *******************************************************************
Info: Running Quartus II 64-Bit TimeQuest Timing Analyzer
    Info: Version 13.0.0 Build 156 04/24/2013 SJ Full Version
    Info: Processing started: Mon Jun 02 10:39:33 2014
Info: Command: quartus_sta fft_t -c fft_t
Info: qsta_default_script.tcl version: #1
Info (11104): Parallel Compilation has detected 4 hyper-threaded processors. However, the extra hyper-threaded processors will not be used by default. Parallel Compilation will use 2 of the 2 physical processors detected instead.
Info (21077): Low junction temperature is 0 degrees C
Info (21077): High junction temperature is 85 degrees C
Info (332164): Evaluating HDL-embedded SDC commands
    Info (332165): Entity dcfifo_isg1
        Info (332166): set_false_path -from *rdptr_g* -to *ws_dgrp|dffpipe_f09:dffpipe26|dffe27a* 
        Info (332166): set_false_path -from *delayed_wrptr_g* -to *rs_dgwp|dffpipe_e09:dffpipe22|dffe23a* 
        Info (332166): set_false_path -from *previous_wrfull* -to *rdfull_reg|dffpipe_qu8:dffpipe20|dffe21a* 
        Info (332166): set_false_path -from *previous_rdempty* -to *wrempty_reg|dffpipe_t98:dffpipe24|dffe25a* 
    Info (332165): Entity sld_jtag_hub
        Info (332166): create_clock -name altera_reserved_tck [get_ports {altera_reserved_tck}] -period 10MHz   
        Info (332166): set_clock_groups -asynchronous -group {altera_reserved_tck}
Warning (332174): Ignored filter at qsta_default_script.tcl(1038): *previous_wrfull* could not be matched with a clock or keeper or register or port or pin or cell or partition
Warning (332174): Ignored filter at qsta_default_script.tcl(1038): *rdfull_reg|dffpipe_qu8:dffpipe20|dffe21a* could not be matched with a clock or keeper or register or port or pin or cell or partition
Warning (332049): Ignored set_false_path at qsta_default_script.tcl(1038): Argument <from> is not an object ID
    Info (332050): read_sdc
Warning (332049): Ignored set_false_path at qsta_default_script.tcl(1038): Argument <to> is not an object ID
Warning (332174): Ignored filter at qsta_default_script.tcl(1038): *previous_rdempty* could not be matched with a clock or keeper or register or port or pin or cell or partition
Warning (332174): Ignored filter at qsta_default_script.tcl(1038): *wrempty_reg|dffpipe_t98:dffpipe24|dffe25a* could not be matched with a clock or keeper or register or port or pin or cell or partition
Warning (332049): Ignored set_false_path at qsta_default_script.tcl(1038): Argument <from> is not an object ID
    Info (332050): read_sdc
Warning (332049): Ignored set_false_path at qsta_default_script.tcl(1038): Argument <to> is not an object ID
Critical Warning (332012): Synopsys Design Constraints File file not found: 'fft_t.sdc'. A Synopsys Design Constraints File is required by the TimeQuest Timing Analyzer to get proper timing constraints. Without it, the Compiler will not properly optimize the design.
Warning (332060): Node: clk_gen_sample_rate:inst11|clk_samp_rat was determined to be a clock but was found without an associated clock assignment.
Warning (332060): Node: clk was determined to be a clock but was found without an associated clock assignment.
Warning (332060): Node: SPI_Slave:inst5|byte_received was determined to be a clock but was found without an associated clock assignment.
Warning (332060): Node: fft_conv_pwm:inst3|pwm:led17|clk_pwm:clk_pwm|clk_pwm_out was determined to be a clock but was found without an associated clock assignment.
Warning (332060): Node: fft_conv_pwm:inst3|pwm:led16|clk_pwm:clk_pwm|clk_pwm_out was determined to be a clock but was found without an associated clock assignment.
Warning (332060): Node: fft_conv_pwm:inst3|pwm:led15|clk_pwm:clk_pwm|clk_pwm_out was determined to be a clock but was found without an associated clock assignment.
Warning (332060): Node: fft_conv_pwm:inst3|pwm:led14|clk_pwm:clk_pwm|clk_pwm_out was determined to be a clock but was found without an associated clock assignment.
Warning (332060): Node: fft_conv_pwm:inst3|pwm:led13|clk_pwm:clk_pwm|clk_pwm_out was determined to be a clock but was found without an associated clock assignment.
Warning (332060): Node: fft_conv_pwm:inst3|pwm:led12|clk_pwm:clk_pwm|clk_pwm_out was determined to be a clock but was found without an associated clock assignment.
Warning (332060): Node: fft_conv_pwm:inst3|pwm:led11|clk_pwm:clk_pwm|clk_pwm_out was determined to be a clock but was found without an associated clock assignment.
Warning (332060): Node: fft_conv_pwm:inst3|pwm:led10|clk_pwm:clk_pwm|clk_pwm_out was determined to be a clock but was found without an associated clock assignment.
Warning (332060): Node: fft_conv_pwm:inst3|pwm:led9|clk_pwm:clk_pwm|clk_pwm_out was determined to be a clock but was found without an associated clock assignment.
Warning (332060): Node: fft_conv_pwm:inst3|pwm:led8|clk_pwm:clk_pwm|clk_pwm_out was determined to be a clock but was found without an associated clock assignment.
Warning (332060): Node: fft_conv_pwm:inst3|pwm:led7|clk_pwm:clk_pwm|clk_pwm_out was determined to be a clock but was found without an associated clock assignment.
Warning (332060): Node: fft_conv_pwm:inst3|pwm:led6|clk_pwm:clk_pwm|clk_pwm_out was determined to be a clock but was found without an associated clock assignment.
Warning (332060): Node: fft_conv_pwm:inst3|pwm:led5|clk_pwm:clk_pwm|clk_pwm_out was determined to be a clock but was found without an associated clock assignment.
Warning (332060): Node: fft_conv_pwm:inst3|pwm:led4|clk_pwm:clk_pwm|clk_pwm_out was determined to be a clock but was found without an associated clock assignment.
Warning (332060): Node: fft_conv_pwm:inst3|pwm:led3|clk_pwm:clk_pwm|clk_pwm_out was determined to be a clock but was found without an associated clock assignment.
Warning (332060): Node: fft_conv_pwm:inst3|pwm:led2|clk_pwm:clk_pwm|clk_pwm_out was determined to be a clock but was found without an associated clock assignment.
Warning (332060): Node: fft_conv_pwm:inst3|pwm:led1|clk_pwm:clk_pwm|clk_pwm_out was determined to be a clock but was found without an associated clock assignment.
Warning (332060): Node: fft_conv_pwm:inst3|pwm:led0|clk_pwm:clk_pwm|clk_pwm_out was determined to be a clock but was found without an associated clock assignment.
Warning (332056): PLL cross checking found inconsistent PLL clock settings:
    Warning (332056): Node: inst2|altpll_component|pll|clk[0] was found missing 1 generated clock that corresponds to a base clock with a period of: 37.037
Info: Found TIMEQUEST_REPORT_SCRIPT_INCLUDE_DEFAULT_ANALYSIS = ON
Info: Analyzing Slow Model
Info (332140): No fmax paths to report
Info (332140): No Setup paths to report
Info (332140): No Hold paths to report
Info (332140): No Recovery paths to report
Info (332140): No Removal paths to report
Info (332146): Worst-case minimum pulse width slack is 97.778
    Info (332119):     Slack End Point TNS Clock 
    Info (332119): ========= ============= =====================
    Info (332119):    97.778         0.000 altera_reserved_tck 
Info (332001): The selected device family is not supported by the report_metastability command.
Info: Analyzing Fast Model
Warning (332060): Node: clk_gen_sample_rate:inst11|clk_samp_rat was determined to be a clock but was found without an associated clock assignment.
Warning (332060): Node: clk was determined to be a clock but was found without an associated clock assignment.
Warning (332060): Node: SPI_Slave:inst5|byte_received was determined to be a clock but was found without an associated clock assignment.
Warning (332060): Node: fft_conv_pwm:inst3|pwm:led17|clk_pwm:clk_pwm|clk_pwm_out was determined to be a clock but was found without an associated clock assignment.
Warning (332060): Node: fft_conv_pwm:inst3|pwm:led16|clk_pwm:clk_pwm|clk_pwm_out was determined to be a clock but was found without an associated clock assignment.
Warning (332060): Node: fft_conv_pwm:inst3|pwm:led15|clk_pwm:clk_pwm|clk_pwm_out was determined to be a clock but was found without an associated clock assignment.
Warning (332060): Node: fft_conv_pwm:inst3|pwm:led14|clk_pwm:clk_pwm|clk_pwm_out was determined to be a clock but was found without an associated clock assignment.
Warning (332060): Node: fft_conv_pwm:inst3|pwm:led13|clk_pwm:clk_pwm|clk_pwm_out was determined to be a clock but was found without an associated clock assignment.
Warning (332060): Node: fft_conv_pwm:inst3|pwm:led12|clk_pwm:clk_pwm|clk_pwm_out was determined to be a clock but was found without an associated clock assignment.
Warning (332060): Node: fft_conv_pwm:inst3|pwm:led11|clk_pwm:clk_pwm|clk_pwm_out was determined to be a clock but was found without an associated clock assignment.
Warning (332060): Node: fft_conv_pwm:inst3|pwm:led10|clk_pwm:clk_pwm|clk_pwm_out was determined to be a clock but was found without an associated clock assignment.
Warning (332060): Node: fft_conv_pwm:inst3|pwm:led9|clk_pwm:clk_pwm|clk_pwm_out was determined to be a clock but was found without an associated clock assignment.
Warning (332060): Node: fft_conv_pwm:inst3|pwm:led8|clk_pwm:clk_pwm|clk_pwm_out was determined to be a clock but was found without an associated clock assignment.
Warning (332060): Node: fft_conv_pwm:inst3|pwm:led7|clk_pwm:clk_pwm|clk_pwm_out was determined to be a clock but was found without an associated clock assignment.
Warning (332060): Node: fft_conv_pwm:inst3|pwm:led6|clk_pwm:clk_pwm|clk_pwm_out was determined to be a clock but was found without an associated clock assignment.
Warning (332060): Node: fft_conv_pwm:inst3|pwm:led5|clk_pwm:clk_pwm|clk_pwm_out was determined to be a clock but was found without an associated clock assignment.
Warning (332060): Node: fft_conv_pwm:inst3|pwm:led4|clk_pwm:clk_pwm|clk_pwm_out was determined to be a clock but was found without an associated clock assignment.
Warning (332060): Node: fft_conv_pwm:inst3|pwm:led3|clk_pwm:clk_pwm|clk_pwm_out was determined to be a clock but was found without an associated clock assignment.
Warning (332060): Node: fft_conv_pwm:inst3|pwm:led2|clk_pwm:clk_pwm|clk_pwm_out was determined to be a clock but was found without an associated clock assignment.
Warning (332060): Node: fft_conv_pwm:inst3|pwm:led1|clk_pwm:clk_pwm|clk_pwm_out was determined to be a clock but was found without an associated clock assignment.
Warning (332060): Node: fft_conv_pwm:inst3|pwm:led0|clk_pwm:clk_pwm|clk_pwm_out was determined to be a clock but was found without an associated clock assignment.
Warning (332056): PLL cross checking found inconsistent PLL clock settings:
    Warning (332056): Node: inst2|altpll_component|pll|clk[0] was found missing 1 generated clock that corresponds to a base clock with a period of: 37.037
Info (332140): No Setup paths to report
Info (332140): No Hold paths to report
Info (332140): No Recovery paths to report
Info (332140): No Removal paths to report
Info (332146): Worst-case minimum pulse width slack is 97.778
    Info (332119):     Slack End Point TNS Clock 
    Info (332119): ========= ============= =====================
    Info (332119):    97.778         0.000 altera_reserved_tck 
Info (332001): The selected device family is not supported by the report_metastability command.
Info (332102): Design is not fully constrained for setup requirements
Info (332102): Design is not fully constrained for hold requirements
Info: Quartus II 64-Bit TimeQuest Timing Analyzer was successful. 0 errors, 55 warnings
    Info: Peak virtual memory: 505 megabytes
    Info: Processing ended: Mon Jun 02 10:39:37 2014
    Info: Elapsed time: 00:00:04
    Info: Total CPU time (on all processors): 00:00:04


