Wed May 14 10:52:34 CST 2014  [debug] AvalonLogSystem initialized using logfile 'velocity.log'
Wed May 14 10:52:34 CST 2014   [info] ************************************************************** 
Wed May 14 10:52:34 CST 2014   [info] Starting Jakarta Velocity v1.4
Wed May 14 10:52:34 CST 2014   [info] RuntimeInstance initializing.
Wed May 14 10:52:34 CST 2014   [info] Default Properties File: org\apache\velocity\runtime\defaults\velocity.properties
Wed May 14 10:52:34 CST 2014   [info] Trying to use logger class org.apache.velocity.runtime.log.AvalonLogSystem
Wed May 14 10:52:34 CST 2014   [info] Using logger class org.apache.velocity.runtime.log.AvalonLogSystem
Wed May 14 10:52:34 CST 2014   [info] Default ResourceManager initializing. (class org.apache.velocity.runtime.resource.ResourceManagerImpl)
Wed May 14 10:52:34 CST 2014   [info] Resource Loader Instantiated: org.apache.velocity.runtime.resource.loader.FileResourceLoader
Wed May 14 10:52:34 CST 2014   [info] FileResourceLoader : initialization starting.
Wed May 14 10:52:34 CST 2014   [info] FileResourceLoader : adding path 'c:/altera/13.0/ip/altera/fft/lib/\template'
Wed May 14 10:52:34 CST 2014   [info] FileResourceLoader : adding path '.'
Wed May 14 10:52:34 CST 2014   [info] FileResourceLoader : initialization complete.
Wed May 14 10:52:34 CST 2014   [info] Resource Loader Instantiated: org.apache.velocity.runtime.resource.loader.JarResourceLoader
Wed May 14 10:52:34 CST 2014   [info] JarResourceLoader : initialization starting.
Wed May 14 10:52:34 CST 2014   [info] JarResourceLoader # of paths : 0
Wed May 14 10:52:34 CST 2014   [info] JarResourceLoader : initialization complete.
Wed May 14 10:52:34 CST 2014   [info] Resource Loader Instantiated: org.apache.velocity.runtime.resource.loader.ClasspathResourceLoader
Wed May 14 10:52:34 CST 2014   [info] ClasspathResourceLoader : initialization starting.
Wed May 14 10:52:34 CST 2014   [info] ClasspathResourceLoader : initialization complete.
Wed May 14 10:52:34 CST 2014   [info] ResourceCache : initialized. (class org.apache.velocity.runtime.resource.ResourceCacheImpl)
Wed May 14 10:52:34 CST 2014   [info] Default ResourceManager initialization complete.
Wed May 14 10:52:34 CST 2014   [info] Loaded System Directive: org.apache.velocity.runtime.directive.Literal
Wed May 14 10:52:34 CST 2014   [info] Loaded System Directive: org.apache.velocity.runtime.directive.Macro
Wed May 14 10:52:34 CST 2014   [info] Loaded System Directive: org.apache.velocity.runtime.directive.Parse
Wed May 14 10:52:34 CST 2014   [info] Loaded System Directive: org.apache.velocity.runtime.directive.Include
Wed May 14 10:52:34 CST 2014   [info] Loaded System Directive: org.apache.velocity.runtime.directive.Foreach
Wed May 14 10:52:35 CST 2014   [info] Created: 20 parsers.
Wed May 14 10:52:35 CST 2014   [info] Velocimacro : initialization starting.
Wed May 14 10:52:35 CST 2014   [info] Velocimacro : adding VMs from VM library template : VM_global_library.vm
Wed May 14 10:52:35 CST 2014   [info] Velocimacro : added new VM : #listall( list ) : source = VM_global_library.vm
Wed May 14 10:52:35 CST 2014   [info] Velocimacro : added new VM : #listlist( list ) : source = VM_global_library.vm
Wed May 14 10:52:35 CST 2014   [info] ResourceManager : found VM_global_library.vm with loader org.apache.velocity.runtime.resource.loader.ClasspathResourceLoader
Wed May 14 10:52:35 CST 2014   [info] Velocimacro :  VM library template macro registration complete.
Wed May 14 10:52:35 CST 2014   [info] Velocimacro : allowInline = true : VMs can be defined inline in templates
Wed May 14 10:52:35 CST 2014   [info] Velocimacro : allowInlineToOverride = false : VMs defined inline may NOT replace previous VM definitions
Wed May 14 10:52:35 CST 2014   [info] Velocimacro : allowInlineLocal = false : VMs defined inline will be  global in scope if allowed.
Wed May 14 10:52:35 CST 2014   [info] Velocimacro : messages on  : VM system will output logging messages
Wed May 14 10:52:35 CST 2014   [info] Velocimacro : autoload off  : VM system will not automatically reload global library macros
Wed May 14 10:52:35 CST 2014   [info] Velocimacro : initialization complete.
Wed May 14 10:52:35 CST 2014   [info] Velocity successfully started.
Wed May 14 10:52:35 CST 2014   [info] ResourceManager : found fft_top_vhdl_tb.vm with loader org.apache.velocity.runtime.resource.loader.ClasspathResourceLoader
Wed May 14 10:52:35 CST 2014   [info] ResourceManager : found alt_license.txt with loader org.apache.velocity.runtime.resource.loader.ClasspathResourceLoader
Wed May 14 10:52:35 CST 2014   [info] ResourceManager : found fft_top_verilog_tb.vm with loader org.apache.velocity.runtime.resource.loader.ClasspathResourceLoader
Wed May 14 10:52:35 CST 2014   [info] ResourceManager : found alt_license_verilog.txt with loader org.apache.velocity.runtime.resource.loader.ClasspathResourceLoader
Wed May 14 10:52:35 CST 2014   [info] ResourceManager : found matlab_tb.vm with loader org.apache.velocity.runtime.resource.loader.ClasspathResourceLoader
Wed May 14 10:52:35 CST 2014   [info] ResourceManager : found matlab_model.vm with loader org.apache.velocity.runtime.resource.loader.ClasspathResourceLoader
Wed May 14 10:52:35 CST 2014   [info] ResourceManager : found set_nativelink_tcl.vm with loader org.apache.velocity.runtime.resource.loader.ClasspathResourceLoader
Wed May 14 10:52:35 CST 2014   [info] ResourceManager : found alt_license_tcl.txt with loader org.apache.velocity.runtime.resource.loader.ClasspathResourceLoader
